app/build/intermediates/manifest_merge_blame_file/release/processReleaseMainManifest/manifest-merger-blame-release-report.txt
1<?xml version="1.0" encoding="utf-8"?>
2<manifest xmlns:android="http://schemas.android.com/apk/res/android"
3    package="com.devtoolkit.pro"
4    android:versionCode="1"
5    android:versionName="1.0.0" >
6
7    <uses-sdk
8        android:minSdkVersion="26"
9        android:targetSdkVersion="34" />
10
11    <uses-permission android:name="android.permission.INTERNET" />
11-->src\main\AndroidManifest.xml:5:5-67
11-->src\main\AndroidManifest.xml:5:22-64
12    <uses-permission android:name="android.permission.ACCESS_NETWORK_STATE" />
12-->src\main\AndroidManifest.xml:6:5-79
12-->src\main\AndroidManifest.xml:6:22-76
13    <uses-permission android:name="android.permission.CAMERA" />
13-->src\main\AndroidManifest.xml:7:5-65
13-->src\main\AndroidManifest.xml:7:22-62
14
15    <uses-feature
15-->src\main\AndroidManifest.xml:9:5-85
16        android:name="android.hardware.camera"
16-->src\main\AndroidManifest.xml:9:19-57
17        android:required="false" />
17-->src\main\AndroidManifest.xml:9:58-82
18
19    <uses-permission android:name="com.google.android.gms.permission.AD_ID" />
19-->[com.google.android.gms:play-services-ads-lite:23.2.0] AndroidManifest.xml:26:5-79
19-->[com.google.android.gms:play-services-ads-lite:23.2.0] AndroidManifest.xml:26:22-76
20    <uses-permission android:name="android.permission.ACCESS_ADSERVICES_AD_ID" />
20-->[com.google.android.gms:play-services-ads-lite:23.2.0] AndroidManifest.xml:27:5-82
20-->[com.google.android.gms:play-services-ads-lite:23.2.0] AndroidManifest.xml:27:22-79
21    <uses-permission android:name="android.permission.ACCESS_ADSERVICES_ATTRIBUTION" />
21-->[com.google.android.gms:play-services-ads-lite:23.2.0] AndroidManifest.xml:28:5-88
21-->[com.google.android.gms:play-services-ads-lite:23.2.0] AndroidManifest.xml:28:22-85
22    <uses-permission android:name="android.permission.ACCESS_ADSERVICES_TOPICS" /> <!-- Android package visibility setting -->
22-->[com.google.android.gms:play-services-ads-lite:23.2.0] AndroidManifest.xml:29:5-83
22-->[com.google.android.gms:play-services-ads-lite:23.2.0] AndroidManifest.xml:29:22-80
23    <queries>
23-->[com.google.android.gms:play-services-ads-lite:23.2.0] AndroidManifest.xml:35:5-51:15
24
25        <!-- For browser content -->
26        <intent>
26-->[com.google.android.gms:play-services-ads-lite:23.2.0] AndroidManifest.xml:38:9-44:18
27            <action android:name="android.intent.action.VIEW" />
27-->[com.google.android.gms:play-services-ads-lite:23.2.0] AndroidManifest.xml:39:13-65
27-->[com.google.android.gms:play-services-ads-lite:23.2.0] AndroidManifest.xml:39:21-62
28
29            <category android:name="android.intent.category.BROWSABLE" />
29-->[com.google.android.gms:play-services-ads-lite:23.2.0] AndroidManifest.xml:41:13-74
29-->[com.google.android.gms:play-services-ads-lite:23.2.0] AndroidManifest.xml:41:23-71
30
31            <data android:scheme="https" />
31-->[com.google.android.gms:play-services-ads-lite:23.2.0] AndroidManifest.xml:43:13-44
31-->[com.google.android.gms:play-services-ads-lite:23.2.0] AndroidManifest.xml:43:19-41
32        </intent>
33        <!-- End of browser content -->
34        <!-- For CustomTabsService -->
35        <intent>
35-->[com.google.android.gms:play-services-ads-lite:23.2.0] AndroidManifest.xml:47:9-49:18
36            <action android:name="android.support.customtabs.action.CustomTabsService" />
36-->[com.google.android.gms:play-services-ads-lite:23.2.0] AndroidManifest.xml:48:13-90
36-->[com.google.android.gms:play-services-ads-lite:23.2.0] AndroidManifest.xml:48:21-87
37        </intent>
38        <!-- End of CustomTabsService -->
39    </queries>
40
41    <uses-permission android:name="android.permission.WAKE_LOCK" />
41-->[com.google.android.gms:play-services-measurement-sdk-api:20.1.2] AndroidManifest.xml:25:5-68
41-->[com.google.android.gms:play-services-measurement-sdk-api:20.1.2] AndroidManifest.xml:25:22-65
42    <uses-permission android:name="android.permission.FOREGROUND_SERVICE" />
42-->[androidx.work:work-runtime:2.7.0] AndroidManifest.xml:28:5-77
42-->[androidx.work:work-runtime:2.7.0] AndroidManifest.xml:28:22-74
43
44    <permission
44-->[androidx.core:core:1.13.1] AndroidManifest.xml:22:5-24:47
45        android:name="com.devtoolkit.pro.DYNAMIC_RECEIVER_NOT_EXPORTED_PERMISSION"
45-->[androidx.core:core:1.13.1] AndroidManifest.xml:23:9-81
46        android:protectionLevel="signature" />
46-->[androidx.core:core:1.13.1] AndroidManifest.xml:24:9-44
47
48    <uses-permission android:name="com.devtoolkit.pro.DYNAMIC_RECEIVER_NOT_EXPORTED_PERMISSION" />
48-->[androidx.core:core:1.13.1] AndroidManifest.xml:26:5-97
48-->[androidx.core:core:1.13.1] AndroidManifest.xml:26:22-94
49
50    <application
50-->src\main\AndroidManifest.xml:11:5-36:19
51        android:name="com.devtoolkit.pro.DevToolkitApp"
51-->src\main\AndroidManifest.xml:12:9-38
52        android:allowBackup="true"
52-->src\main\AndroidManifest.xml:13:9-35
53        android:appComponentFactory="androidx.core.app.CoreComponentFactory"
53-->[androidx.core:core:1.13.1] AndroidManifest.xml:28:18-86
54        android:dataExtractionRules="@xml/data_extraction_rules"
54-->src\main\AndroidManifest.xml:14:9-65
55        android:extractNativeLibs="false"
56        android:fullBackupContent="@xml/backup_rules"
56-->src\main\AndroidManifest.xml:15:9-54
57        android:icon="@mipmap/ic_launcher"
57-->src\main\AndroidManifest.xml:16:9-43
58        android:label="@string/app_name"
58-->src\main\AndroidManifest.xml:17:9-41
59        android:roundIcon="@mipmap/ic_launcher_round"
59-->src\main\AndroidManifest.xml:18:9-54
60        android:supportsRtl="true"
60-->src\main\AndroidManifest.xml:19:9-35
61        android:theme="@android:style/Theme.DeviceDefault.NoActionBar" >
61-->src\main\AndroidManifest.xml:20:9-71
62        <meta-data
62-->src\main\AndroidManifest.xml:23:9-25:70
63            android:name="com.google.android.gms.ads.APPLICATION_ID"
63-->src\main\AndroidManifest.xml:24:13-69
64            android:value="ca-app-pub-3940256099942544~3347511713" />
64-->src\main\AndroidManifest.xml:25:13-67
65
66        <activity
66-->src\main\AndroidManifest.xml:27:9-35:20
67            android:name="com.devtoolkit.pro.MainActivity"
67-->src\main\AndroidManifest.xml:28:13-41
68            android:exported="true"
68-->src\main\AndroidManifest.xml:29:13-36
69            android:theme="@android:style/Theme.DeviceDefault.NoActionBar" >
69-->src\main\AndroidManifest.xml:30:13-75
70            <intent-filter>
70-->src\main\AndroidManifest.xml:31:13-34:29
71                <action android:name="android.intent.action.MAIN" />
71-->src\main\AndroidManifest.xml:32:17-69
71-->src\main\AndroidManifest.xml:32:25-66
72
73                <category android:name="android.intent.category.LAUNCHER" />
73-->src\main\AndroidManifest.xml:33:17-77
73-->src\main\AndroidManifest.xml:33:27-74
74            </intent-filter>
75        </activity>
76
77        <service
77-->[androidx.camera:camera-camera2:1.3.4] AndroidManifest.xml:24:9-33:19
78            android:name="androidx.camera.core.impl.MetadataHolderService"
78-->[androidx.camera:camera-camera2:1.3.4] AndroidManifest.xml:25:13-75
79            android:enabled="false"
79-->[androidx.camera:camera-camera2:1.3.4] AndroidManifest.xml:26:13-36
80            android:exported="false" >
80-->[androidx.camera:camera-camera2:1.3.4] AndroidManifest.xml:27:13-37
81            <meta-data
81-->[androidx.camera:camera-camera2:1.3.4] AndroidManifest.xml:30:13-32:89
82                android:name="androidx.camera.core.impl.MetadataHolderService.DEFAULT_CONFIG_PROVIDER"
82-->[androidx.camera:camera-camera2:1.3.4] AndroidManifest.xml:31:17-103
83                android:value="androidx.camera.camera2.Camera2Config$DefaultProvider" />
83-->[androidx.camera:camera-camera2:1.3.4] AndroidManifest.xml:32:17-86
84        </service> <!-- Include the AdActivity and InAppPurchaseActivity configChanges and themes. -->
85        <activity
85-->[com.google.android.gms:play-services-ads-lite:23.2.0] AndroidManifest.xml:56:9-61:43
86            android:name="com.google.android.gms.ads.AdActivity"
86-->[com.google.android.gms:play-services-ads-lite:23.2.0] AndroidManifest.xml:57:13-65
87            android:configChanges="keyboard|keyboardHidden|orientation|screenLayout|uiMode|screenSize|smallestScreenSize"
87-->[com.google.android.gms:play-services-ads-lite:23.2.0] AndroidManifest.xml:58:13-122
88            android:exported="false"
88-->[com.google.android.gms:play-services-ads-lite:23.2.0] AndroidManifest.xml:59:13-37
89            android:theme="@android:style/Theme.Translucent" />
89-->[com.google.android.gms:play-services-ads-lite:23.2.0] AndroidManifest.xml:60:13-61
90
91        <provider
91-->[com.google.android.gms:play-services-ads-lite:23.2.0] AndroidManifest.xml:63:9-68:43
92            android:name="com.google.android.gms.ads.MobileAdsInitProvider"
92-->[com.google.android.gms:play-services-ads-lite:23.2.0] AndroidManifest.xml:64:13-76
93            android:authorities="com.devtoolkit.pro.mobileadsinitprovider"
93-->[com.google.android.gms:play-services-ads-lite:23.2.0] AndroidManifest.xml:65:13-73
94            android:exported="false"
94-->[com.google.android.gms:play-services-ads-lite:23.2.0] AndroidManifest.xml:66:13-37
95            android:initOrder="100" />
95-->[com.google.android.gms:play-services-ads-lite:23.2.0] AndroidManifest.xml:67:13-36
96
97        <service
97-->[com.google.android.gms:play-services-ads-lite:23.2.0] AndroidManifest.xml:70:9-74:43
98            android:name="com.google.android.gms.ads.AdService"
98-->[com.google.android.gms:play-services-ads-lite:23.2.0] AndroidManifest.xml:71:13-64
99            android:enabled="true"
99-->[com.google.android.gms:play-services-ads-lite:23.2.0] AndroidManifest.xml:72:13-35
100            android:exported="false" />
100-->[com.google.android.gms:play-services-ads-lite:23.2.0] AndroidManifest.xml:73:13-37
101
102        <activity
102-->[com.google.android.gms:play-services-ads-lite:23.2.0] AndroidManifest.xml:76:9-80:43
103            android:name="com.google.android.gms.ads.OutOfContextTestingActivity"
103-->[com.google.android.gms:play-services-ads-lite:23.2.0] AndroidManifest.xml:77:13-82
104            android:configChanges="keyboard|keyboardHidden|orientation|screenLayout|uiMode|screenSize|smallestScreenSize"
104-->[com.google.android.gms:play-services-ads-lite:23.2.0] AndroidManifest.xml:78:13-122
105            android:exported="false" />
105-->[com.google.android.gms:play-services-ads-lite:23.2.0] AndroidManifest.xml:79:13-37
106        <activity
106-->[com.google.android.gms:play-services-ads-lite:23.2.0] AndroidManifest.xml:81:9-88:43
107            android:name="com.google.android.gms.ads.NotificationHandlerActivity"
107-->[com.google.android.gms:play-services-ads-lite:23.2.0] AndroidManifest.xml:82:13-82
108            android:excludeFromRecents="true"
108-->[com.google.android.gms:play-services-ads-lite:23.2.0] AndroidManifest.xml:83:13-46
109            android:exported="false"
109-->[com.google.android.gms:play-services-ads-lite:23.2.0] AndroidManifest.xml:84:13-37
110            android:launchMode="singleTask"
110-->[com.google.android.gms:play-services-ads-lite:23.2.0] AndroidManifest.xml:85:13-44
111            android:taskAffinity=""
111-->[com.google.android.gms:play-services-ads-lite:23.2.0] AndroidManifest.xml:86:13-36
112            android:theme="@android:style/Theme.Translucent.NoTitleBar" />
112-->[com.google.android.gms:play-services-ads-lite:23.2.0] AndroidManifest.xml:87:13-72
113
114        <property
114-->[com.google.android.gms:play-services-ads-lite:23.2.0] AndroidManifest.xml:90:9-92:62
115            android:name="android.adservices.AD_SERVICES_CONFIG"
115-->[com.google.android.gms:play-services-ads-lite:23.2.0] AndroidManifest.xml:91:13-65
116            android:resource="@xml/gma_ad_services_config" />
116-->[com.google.android.gms:play-services-ads-lite:23.2.0] AndroidManifest.xml:92:13-59
117
118        <service
118-->[com.google.android.gms:play-services-mlkit-barcode-scanning:18.3.1] AndroidManifest.xml:9:9-15:19
119            android:name="com.google.mlkit.common.internal.MlKitComponentDiscoveryService"
119-->[com.google.android.gms:play-services-mlkit-barcode-scanning:18.3.1] AndroidManifest.xml:10:13-91
120            android:directBootAware="true"
120-->[com.google.mlkit:common:18.11.0] AndroidManifest.xml:17:13-43
121            android:exported="false" >
121-->[com.google.android.gms:play-services-mlkit-barcode-scanning:18.3.1] AndroidManifest.xml:11:13-37
122            <meta-data
122-->[com.google.android.gms:play-services-mlkit-barcode-scanning:18.3.1] AndroidManifest.xml:12:13-14:85
123                android:name="com.google.firebase.components:com.google.mlkit.vision.barcode.internal.BarcodeRegistrar"
123-->[com.google.android.gms:play-services-mlkit-barcode-scanning:18.3.1] AndroidManifest.xml:13:17-120
124                android:value="com.google.firebase.components.ComponentRegistrar" />
124-->[com.google.android.gms:play-services-mlkit-barcode-scanning:18.3.1] AndroidManifest.xml:14:17-82
125            <meta-data
125-->[com.google.mlkit:vision-common:17.3.0] AndroidManifest.xml:12:13-14:85
126                android:name="com.google.firebase.components:com.google.mlkit.vision.common.internal.VisionCommonRegistrar"
126-->[com.google.mlkit:vision-common:17.3.0] AndroidManifest.xml:13:17-124
127                android:value="com.google.firebase.components.ComponentRegistrar" />
127-->[com.google.mlkit:vision-common:17.3.0] AndroidManifest.xml:14:17-82
128            <meta-data
128-->[com.google.mlkit:common:18.11.0] AndroidManifest.xml:20:13-22:85
129                android:name="com.google.firebase.components:com.google.mlkit.common.internal.CommonComponentRegistrar"
129-->[com.google.mlkit:common:18.11.0] AndroidManifest.xml:21:17-120
130                android:value="com.google.firebase.components.ComponentRegistrar" />
130-->[com.google.mlkit:common:18.11.0] AndroidManifest.xml:22:17-82
131        </service>
132
133        <provider
133-->[com.google.mlkit:common:18.11.0] AndroidManifest.xml:9:9-13:38
134            android:name="com.google.mlkit.common.internal.MlKitInitProvider"
134-->[com.google.mlkit:common:18.11.0] AndroidManifest.xml:10:13-78
135            android:authorities="com.devtoolkit.pro.mlkitinitprovider"
135-->[com.google.mlkit:common:18.11.0] AndroidManifest.xml:11:13-69
136            android:exported="false"
136-->[com.google.mlkit:common:18.11.0] AndroidManifest.xml:12:13-37
137            android:initOrder="99" />
137-->[com.google.mlkit:common:18.11.0] AndroidManifest.xml:13:13-35
138
139        <activity
139-->[com.google.android.gms:play-services-base:18.5.0] AndroidManifest.xml:5:9-173
140            android:name="com.google.android.gms.common.api.GoogleApiActivity"
140-->[com.google.android.gms:play-services-base:18.5.0] AndroidManifest.xml:5:19-85
141            android:exported="false"
141-->[com.google.android.gms:play-services-base:18.5.0] AndroidManifest.xml:5:146-170
142            android:theme="@android:style/Theme.Translucent.NoTitleBar" />
142-->[com.google.android.gms:play-services-base:18.5.0] AndroidManifest.xml:5:86-145
143
144        <meta-data
144-->[com.google.android.gms:play-services-basement:18.4.0] AndroidManifest.xml:6:9-122
145            android:name="com.google.android.gms.version"
145-->[com.google.android.gms:play-services-basement:18.4.0] AndroidManifest.xml:6:20-65
146            android:value="@integer/google_play_services_version" />
146-->[com.google.android.gms:play-services-basement:18.4.0] AndroidManifest.xml:6:66-119
147
148        <provider
148-->[androidx.work:work-runtime:2.7.0] AndroidManifest.xml:31:9-39:20
149            android:name="androidx.startup.InitializationProvider"
149-->[androidx.work:work-runtime:2.7.0] AndroidManifest.xml:32:13-67
150            android:authorities="com.devtoolkit.pro.androidx-startup"
150-->[androidx.work:work-runtime:2.7.0] AndroidManifest.xml:33:13-68
151            android:exported="false" >
151-->[androidx.work:work-runtime:2.7.0] AndroidManifest.xml:34:13-37
152            <meta-data
152-->[androidx.work:work-runtime:2.7.0] AndroidManifest.xml:36:13-38:52
153                android:name="androidx.work.WorkManagerInitializer"
153-->[androidx.work:work-runtime:2.7.0] AndroidManifest.xml:37:17-68
154                android:value="androidx.startup" />
154-->[androidx.work:work-runtime:2.7.0] AndroidManifest.xml:38:17-49
155            <meta-data
155-->[androidx.emoji2:emoji2:1.3.0] AndroidManifest.xml:29:13-31:52
156                android:name="androidx.emoji2.text.EmojiCompatInitializer"
156-->[androidx.emoji2:emoji2:1.3.0] AndroidManifest.xml:30:17-75
157                android:value="androidx.startup" />
157-->[androidx.emoji2:emoji2:1.3.0] AndroidManifest.xml:31:17-49
158            <meta-data
158-->[androidx.lifecycle:lifecycle-process:2.8.2] AndroidManifest.xml:29:13-31:52
159                android:name="androidx.lifecycle.ProcessLifecycleInitializer"
159-->[androidx.lifecycle:lifecycle-process:2.8.2] AndroidManifest.xml:30:17-78
160                android:value="androidx.startup" />
160-->[androidx.lifecycle:lifecycle-process:2.8.2] AndroidManifest.xml:31:17-49
161            <meta-data
161-->[androidx.profileinstaller:profileinstaller:1.3.1] AndroidManifest.xml:29:13-31:52
162                android:name="androidx.profileinstaller.ProfileInstallerInitializer"
162-->[androidx.profileinstaller:profileinstaller:1.3.1] AndroidManifest.xml:30:17-85
163                android:value="androidx.startup" />
163-->[androidx.profileinstaller:profileinstaller:1.3.1] AndroidManifest.xml:31:17-49
164        </provider>
165
166        <service
166-->[androidx.work:work-runtime:2.7.0] AndroidManifest.xml:41:9-46:35
167            android:name="androidx.work.impl.background.systemalarm.SystemAlarmService"
167-->[androidx.work:work-runtime:2.7.0] AndroidManifest.xml:42:13-88
168            android:directBootAware="false"
168-->[androidx.work:work-runtime:2.7.0] AndroidManifest.xml:43:13-44
169            android:enabled="@bool/enable_system_alarm_service_default"
169-->[androidx.work:work-runtime:2.7.0] AndroidManifest.xml:44:13-72
170            android:exported="false" />
170-->[androidx.work:work-runtime:2.7.0] AndroidManifest.xml:45:13-37
171        <service
171-->[androidx.work:work-runtime:2.7.0] AndroidManifest.xml:47:9-53:35
172            android:name="androidx.work.impl.background.systemjob.SystemJobService"
172-->[androidx.work:work-runtime:2.7.0] AndroidManifest.xml:48:13-84
173            android:directBootAware="false"
173-->[androidx.work:work-runtime:2.7.0] AndroidManifest.xml:49:13-44
174            android:enabled="@bool/enable_system_job_service_default"
174-->[androidx.work:work-runtime:2.7.0] AndroidManifest.xml:50:13-70
175            android:exported="true"
175-->[androidx.work:work-runtime:2.7.0] AndroidManifest.xml:51:13-36
176            android:permission="android.permission.BIND_JOB_SERVICE" />
176-->[androidx.work:work-runtime:2.7.0] AndroidManifest.xml:52:13-69
177        <service
177-->[androidx.work:work-runtime:2.7.0] AndroidManifest.xml:54:9-59:35
178            android:name="androidx.work.impl.foreground.SystemForegroundService"
178-->[androidx.work:work-runtime:2.7.0] AndroidManifest.xml:55:13-81
179            android:directBootAware="false"
179-->[androidx.work:work-runtime:2.7.0] AndroidManifest.xml:56:13-44
180            android:enabled="@bool/enable_system_foreground_service_default"
180-->[androidx.work:work-runtime:2.7.0] AndroidManifest.xml:57:13-77
181            android:exported="false" />
181-->[androidx.work:work-runtime:2.7.0] AndroidManifest.xml:58:13-37
182
183        <receiver
183-->[androidx.work:work-runtime:2.7.0] AndroidManifest.xml:61:9-66:35
184            android:name="androidx.work.impl.utils.ForceStopRunnable$BroadcastReceiver"
184-->[androidx.work:work-runtime:2.7.0] AndroidManifest.xml:62:13-88
185            android:directBootAware="false"
185-->[androidx.work:work-runtime:2.7.0] AndroidManifest.xml:63:13-44
186            android:enabled="true"
186-->[androidx.work:work-runtime:2.7.0] AndroidManifest.xml:64:13-35
187            android:exported="false" />
187-->[androidx.work:work-runtime:2.7.0] AndroidManifest.xml:65:13-37
188        <receiver
188-->[androidx.work:work-runtime:2.7.0] AndroidManifest.xml:67:9-77:20
189            android:name="androidx.work.impl.background.systemalarm.ConstraintProxy$BatteryChargingProxy"
189-->[androidx.work:work-runtime:2.7.0] AndroidManifest.xml:68:13-106
190            android:directBootAware="false"
190-->[androidx.work:work-runtime:2.7.0] AndroidManifest.xml:69:13-44
191            android:enabled="false"
191-->[androidx.work:work-runtime:2.7.0] AndroidManifest.xml:70:13-36
192            android:exported="false" >
192-->[androidx.work:work-runtime:2.7.0] AndroidManifest.xml:71:13-37
193            <intent-filter>
193-->[androidx.work:work-runtime:2.7.0] AndroidManifest.xml:73:13-76:29
194                <action android:name="android.intent.action.ACTION_POWER_CONNECTED" />
194-->[androidx.work:work-runtime:2.7.0] AndroidManifest.xml:74:17-87
194-->[androidx.work:work-runtime:2.7.0] AndroidManifest.xml:74:25-84
195                <action android:name="android.intent.action.ACTION_POWER_DISCONNECTED" />
195-->[androidx.work:work-runtime:2.7.0] AndroidManifest.xml:75:17-90
195-->[androidx.work:work-runtime:2.7.0] AndroidManifest.xml:75:25-87
196            </intent-filter>
197        </receiver>
198        <receiver
198-->[androidx.work:work-runtime:2.7.0] AndroidManifest.xml:78:9-88:20
199            android:name="androidx.work.impl.background.systemalarm.ConstraintProxy$BatteryNotLowProxy"
199-->[androidx.work:work-runtime:2.7.0] AndroidManifest.xml:79:13-104
200            android:directBootAware="false"
200-->[androidx.work:work-runtime:2.7.0] AndroidManifest.xml:80:13-44
201            android:enabled="false"
201-->[androidx.work:work-runtime:2.7.0] AndroidManifest.xml:81:13-36
202            android:exported="false" >
202-->[androidx.work:work-runtime:2.7.0] AndroidManifest.xml:82:13-37
203            <intent-filter>
203-->[androidx.work:work-runtime:2.7.0] AndroidManifest.xml:84:13-87:29
204                <action android:name="android.intent.action.BATTERY_OKAY" />
204-->[androidx.work:work-runtime:2.7.0] AndroidManifest.xml:85:17-77
204-->[androidx.work:work-runtime:2.7.0] AndroidManifest.xml:85:25-74
205                <action android:name="android.intent.action.BATTERY_LOW" />
205-->[androidx.work:work-runtime:2.7.0] AndroidManifest.xml:86:17-76
205-->[androidx.work:work-runtime:2.7.0] AndroidManifest.xml:86:25-73
206            </intent-filter>
207        </receiver>
208        <receiver
208-->[androidx.work:work-runtime:2.7.0] AndroidManifest.xml:89:9-99:20
209            android:name="androidx.work.impl.background.systemalarm.ConstraintProxy$StorageNotLowProxy"
209-->[androidx.work:work-runtime:2.7.0] AndroidManifest.xml:90:13-104
210            android:directBootAware="false"
210-->[androidx.work:work-runtime:2.7.0] AndroidManifest.xml:91:13-44
211            android:enabled="false"
211-->[androidx.work:work-runtime:2.7.0] AndroidManifest.xml:92:13-36
212            android:exported="false" >
212-->[androidx.work:work-runtime:2.7.0] AndroidManifest.xml:93:13-37
213            <intent-filter>
213-->[androidx.work:work-runtime:2.7.0] AndroidManifest.xml:95:13-98:29
214                <action android:name="android.intent.action.DEVICE_STORAGE_LOW" />
214-->[androidx.work:work-runtime:2.7.0] AndroidManifest.xml:96:17-83
214-->[androidx.work:work-runtime:2.7.0] AndroidManifest.xml:96:25-80
215                <action android:name="android.intent.action.DEVICE_STORAGE_OK" />
215-->[androidx.work:work-runtime:2.7.0] AndroidManifest.xml:97:17-82
215-->[androidx.work:work-runtime:2.7.0] AndroidManifest.xml:97:25-79
216            </intent-filter>
217        </receiver>
218        <receiver
218-->[androidx.work:work-runtime:2.7.0] AndroidManifest.xml:100:9-109:20
219            android:name="androidx.work.impl.background.systemalarm.ConstraintProxy$NetworkStateProxy"
219-->[androidx.work:work-runtime:2.7.0] AndroidManifest.xml:101:13-103
220            android:directBootAware="false"
220-->[androidx.work:work-runtime:2.7.0] AndroidManifest.xml:102:13-44
221            android:enabled="false"
221-->[androidx.work:work-runtime:2.7.0] AndroidManifest.xml:103:13-36
222            android:exported="false" >
222-->[androidx.work:work-runtime:2.7.0] AndroidManifest.xml:104:13-37
223            <intent-filter>
223-->[androidx.work:work-runtime:2.7.0] AndroidManifest.xml:106:13-108:29
224                <action android:name="android.net.conn.CONNECTIVITY_CHANGE" />
224-->[androidx.work:work-runtime:2.7.0] AndroidManifest.xml:107:17-79
224-->[androidx.work:work-runtime:2.7.0] AndroidManifest.xml:107:25-76
225            </intent-filter>
226        </receiver>
227        <receiver
227-->[androidx.work:work-runtime:2.7.0] AndroidManifest.xml:110:9-121:20
228            android:name="androidx.work.impl.background.systemalarm.RescheduleReceiver"
228-->[androidx.work:work-runtime:2.7.0] AndroidManifest.xml:111:13-88
229            android:directBootAware="false"
229-->[androidx.work:work-runtime:2.7.0] AndroidManifest.xml:112:13-44
230            android:enabled="false"
230-->[androidx.work:work-runtime:2.7.0] AndroidManifest.xml:113:13-36
231            android:exported="false" >
231-->[androidx.work:work-runtime:2.7.0] AndroidManifest.xml:114:13-37
232            <intent-filter>
232-->[androidx.work:work-runtime:2.7.0] AndroidManifest.xml:116:13-120:29
233                <action android:name="android.intent.action.BOOT_COMPLETED" />
233-->[androidx.work:work-runtime:2.7.0] AndroidManifest.xml:117:17-79
233-->[androidx.work:work-runtime:2.7.0] AndroidManifest.xml:117:25-76
234                <action android:name="android.intent.action.TIME_SET" />
234-->[androidx.work:work-runtime:2.7.0] AndroidManifest.xml:118:17-73
234-->[androidx.work:work-runtime:2.7.0] AndroidManifest.xml:118:25-70
235                <action android:name="android.intent.action.TIMEZONE_CHANGED" />
235-->[androidx.work:work-runtime:2.7.0] AndroidManifest.xml:119:17-81
235-->[androidx.work:work-runtime:2.7.0] AndroidManifest.xml:119:25-78
236            </intent-filter>
237        </receiver>
238        <receiver
238-->[androidx.work:work-runtime:2.7.0] AndroidManifest.xml:122:9-131:20
239            android:name="androidx.work.impl.background.systemalarm.ConstraintProxyUpdateReceiver"
239-->[androidx.work:work-runtime:2.7.0] AndroidManifest.xml:123:13-99
240            android:directBootAware="false"
240-->[androidx.work:work-runtime:2.7.0] AndroidManifest.xml:124:13-44
241            android:enabled="@bool/enable_system_alarm_service_default"
241-->[androidx.work:work-runtime:2.7.0] AndroidManifest.xml:125:13-72
242            android:exported="false" >
242-->[androidx.work:work-runtime:2.7.0] AndroidManifest.xml:126:13-37
243            <intent-filter>
243-->[androidx.work:work-runtime:2.7.0] AndroidManifest.xml:128:13-130:29
244                <action android:name="androidx.work.impl.background.systemalarm.UpdateProxies" />
244-->[androidx.work:work-runtime:2.7.0] AndroidManifest.xml:129:17-98
244-->[androidx.work:work-runtime:2.7.0] AndroidManifest.xml:129:25-95
245            </intent-filter>
246        </receiver>
247        <receiver
247-->[androidx.work:work-runtime:2.7.0] AndroidManifest.xml:132:9-142:20
248            android:name="androidx.work.impl.diagnostics.DiagnosticsReceiver"
248-->[androidx.work:work-runtime:2.7.0] AndroidManifest.xml:133:13-78
249            android:directBootAware="false"
249-->[androidx.work:work-runtime:2.7.0] AndroidManifest.xml:134:13-44
250            android:enabled="true"
250-->[androidx.work:work-runtime:2.7.0] AndroidManifest.xml:135:13-35
251            android:exported="true"
251-->[androidx.work:work-runtime:2.7.0] AndroidManifest.xml:136:13-36
252            android:permission="android.permission.DUMP" >
252-->[androidx.work:work-runtime:2.7.0] AndroidManifest.xml:137:13-57
253            <intent-filter>
253-->[androidx.work:work-runtime:2.7.0] AndroidManifest.xml:139:13-141:29
254                <action android:name="androidx.work.diagnostics.REQUEST_DIAGNOSTICS" />
254-->[androidx.work:work-runtime:2.7.0] AndroidManifest.xml:140:17-88
254-->[androidx.work:work-runtime:2.7.0] AndroidManifest.xml:140:25-85
255            </intent-filter>
256        </receiver>
257
258        <uses-library
258-->[androidx.privacysandbox.ads:ads-adservices:1.0.0-beta05] AndroidManifest.xml:23:9-25:40
259            android:name="android.ext.adservices"
259-->[androidx.privacysandbox.ads:ads-adservices:1.0.0-beta05] AndroidManifest.xml:24:13-50
260            android:required="false" />
260-->[androidx.privacysandbox.ads:ads-adservices:1.0.0-beta05] AndroidManifest.xml:25:13-37
261
262        <receiver
262-->[androidx.profileinstaller:profileinstaller:1.3.1] AndroidManifest.xml:34:9-52:20
263            android:name="androidx.profileinstaller.ProfileInstallReceiver"
263-->[androidx.profileinstaller:profileinstaller:1.3.1] AndroidManifest.xml:35:13-76
264            android:directBootAware="false"
264-->[androidx.profileinstaller:profileinstaller:1.3.1] AndroidManifest.xml:36:13-44
265            android:enabled="true"
265-->[androidx.profileinstaller:profileinstaller:1.3.1] AndroidManifest.xml:37:13-35
266            android:exported="true"
266-->[androidx.profileinstaller:profileinstaller:1.3.1] AndroidManifest.xml:38:13-36
267            android:permission="android.permission.DUMP" >
267-->[androidx.profileinstaller:profileinstaller:1.3.1] AndroidManifest.xml:39:13-57
268            <intent-filter>
268-->[androidx.profileinstaller:profileinstaller:1.3.1] AndroidManifest.xml:40:13-42:29